#
# There is insufficient memory for the Java Runtime Environment to continue.
# Native memory allocation (malloc) failed to allocate 32744 bytes. Error detail: Chunk::new
# Possible reasons:
#   The system is out of physical RAM or swap space
#   This process is running with CompressedOops enabled, and the Java Heap may be blocking the growth of the native heap
# Possible solutions:
#   Reduce memory load on the system
#   Increase physical memory or swap space
#   Check if swap backing store is full
#   Decrease Java heap size (-Xmx/-Xms)
#   Decrease number of Java threads
#   Decrease Java thread stack sizes (-Xss)
#   Set larger code cache with -XX:ReservedCodeCacheSize=
#   JVM is running with Unscaled Compressed Oops mode in which the Java heap is
#     placed in the first 4GB address space. The Java Heap base address is the
#     maximum limit for the native heap growth. Please use -XX:HeapBaseMinAddress
#     to set the Java Heap base and to place the Java Heap above 4GB virtual address.
# This output file may be truncated or incomplete.
#
#  Out of Memory Error (arena.cpp:168), pid=21028, tid=20640
#
# JRE version: OpenJDK Runtime Environment Temurin-21.0.9+10 (21.0.9+10) (build 21.0.9+10-LTS)
# Java VM: OpenJDK 64-Bit Server VM Temurin-21.0.9+10 (21.0.9+10-LTS, mixed mode, sharing, tiered, compressed oops, compressed class ptrs, parallel gc, windows-amd64)
# No core dump will be written. Minidumps are not enabled by default on client versions of Windows
#

---------------  S U M M A R Y ------------

Command Line: --add-modules=ALL-SYSTEM --add-opens=java.base/java.util=ALL-UNNAMED --add-opens=java.base/java.lang=ALL-UNNAMED --add-opens=java.base/sun.nio.fs=ALL-UNNAMED -Declipse.application=org.eclipse.jdt.ls.core.id1 -Dosgi.bundles.defaultStartLevel=4 -Declipse.product=org.eclipse.jdt.ls.core.product -Djava.import.generatesMetadataFilesAtProjectRoot=false -DDetectVMInstallationsJob.disabled=true -Dfile.encoding=utf8 -XX:+UseParallelGC -XX:GCTimeRatio=4 -XX:AdaptiveSizePolicyWeight=90 -Dsun.zip.disableMemoryMapping=true -Xmx2G -Xms100m -Xlog:disable -javaagent:c:\Users\admin\.vscode\extensions\redhat.java-1.50.0-win32-x64\lombok\lombok-1.18.39-4050.jar -XX:+HeapDumpOnOutOfMemoryError -XX:HeapDumpPath=c:\Users\admin\AppData\Roaming\Code\User\workspaceStorage\ec551e6c515d961efed2fce6f2b1e16a\redhat.java -Daether.dependencyCollector.impl=bf c:\Users\admin\.vscode\extensions\redhat.java-1.50.0-win32-x64\server\plugins\org.eclipse.equinox.launcher_1.7.100.v20251111-0406.jar -configuration c:\Users\admin\AppData\Roaming\Code\User\globalStorage\redhat.java\1.50.0\config_win -data c:\Users\admin\AppData\Roaming\Code\User\workspaceStorage\ec551e6c515d961efed2fce6f2b1e16a\redhat.java\jdt_ws --pipe=\\.\pipe\lsp-369042286bc25ecca6b278385e5bd4d5-sock

Host: 11th Gen Intel(R) Core(TM) i7-1165G7 @ 2.80GHz, 8 cores, 15G,  Windows 10 , 64 bit Build 19041 (10.0.19041.5915)
Time: Mon Dec  8 15:15:40 2025 elapsed time: 16.059571 seconds (0d 0h 0m 16s)

---------------  T H R E A D  ---------------

Current thread (0x000002097cc80410):  JavaThread "C1 CompilerThread0" daemon [_thread_in_native, id=20640, stack(0x0000004981200000,0x0000004981300000) (1024K)]


Current CompileTask:
C1:16059 7218       3       org.lombokweb.asm.ClassReader::readCode (5117 bytes)

Stack: [0x0000004981200000,0x0000004981300000]
Native frames: (J=compiled Java code, j=interpreted, Vv=VM code, C=native code)
V  [jvm.dll+0x6d6e29]
V  [jvm.dll+0x8b4b76]
V  [jvm.dll+0x8b712e]
V  [jvm.dll+0x8b7813]
V  [jvm.dll+0x283d86]
V  [jvm.dll+0xc66ed]
V  [jvm.dll+0xc6c31]
V  [jvm.dll+0x19d581]
V  [jvm.dll+0x1a0415]
V  [jvm.dll+0x1a09f3]
V  [jvm.dll+0x198ee8]
V  [jvm.dll+0x19841d]
V  [jvm.dll+0x1a14fb]
V  [jvm.dll+0x199532]
V  [jvm.dll+0x19c6b2]
V  [jvm.dll+0x157375]
V  [jvm.dll+0x156c17]
V  [jvm.dll+0x156e44]
V  [jvm.dll+0x15625c]
V  [jvm.dll+0x157fed]
V  [jvm.dll+0x25b29d]
V  [jvm.dll+0x25982a]
V  [jvm.dll+0x3f7ea6]
V  [jvm.dll+0x85e9ad]
V  [jvm.dll+0x6d565d]
C  [ucrtbase.dll+0x21bb2]
C  [KERNEL32.DLL+0x17374]
C  [ntdll.dll+0x4cc91]


---------------  P R O C E S S  ---------------

Threads class SMR info:
_java_thread_list=0x0000020946c70150, length=40, elements={
0x00000209661e8720, 0x000002097cc523e0, 0x000002097cc53ce0, 0x000002097cc55860,
0x000002097cc56770, 0x000002097cc59590, 0x000002097cc5aff0, 0x000002097cc5de30,
0x000002097cc80410, 0x000002097e750c80, 0x000002097e81dc00, 0x000002097ec2c950,
0x000002097ec430a0, 0x000002097efc41e0, 0x000002097edcda00, 0x000002097f05d880,
0x0000020945455ef0, 0x00000209453828a0, 0x0000020945383c50, 0x00000209453835c0,
0x00000209453842e0, 0x0000020945382f30, 0x0000020945385000, 0x0000020945385690,
0x0000020945382210, 0x0000020946a9a140, 0x0000020946a99ab0, 0x0000020946a9dc50,
0x0000020946a9ae60, 0x0000020946a98700, 0x0000020946a9e2e0, 0x0000020946a9cf30,
0x0000020946a9bb80, 0x0000020946a9d5c0, 0x0000020946a9c8a0, 0x0000020946a9a7d0,
0x0000020946a98d90, 0x0000020946a9b4f0, 0x0000020946a9c210, 0x0000020946a9e970
}

Java Threads: ( => current thread )
  0x00000209661e8720 JavaThread "main"                              [_thread_blocked, id=20772, stack(0x0000004980700000,0x0000004980800000) (1024K)]
  0x000002097cc523e0 JavaThread "Reference Handler"          daemon [_thread_blocked, id=18852, stack(0x0000004980b00000,0x0000004980c00000) (1024K)]
  0x000002097cc53ce0 JavaThread "Finalizer"                  daemon [_thread_blocked, id=19368, stack(0x0000004980c00000,0x0000004980d00000) (1024K)]
  0x000002097cc55860 JavaThread "Signal Dispatcher"          daemon [_thread_blocked, id=18756, stack(0x0000004980d00000,0x0000004980e00000) (1024K)]
  0x000002097cc56770 JavaThread "Attach Listener"            daemon [_thread_blocked, id=16224, stack(0x0000004980e00000,0x0000004980f00000) (1024K)]
  0x000002097cc59590 JavaThread "Service Thread"             daemon [_thread_blocked, id=16048, stack(0x0000004980f00000,0x0000004981000000) (1024K)]
  0x000002097cc5aff0 JavaThread "Monitor Deflation Thread"   daemon [_thread_blocked, id=15992, stack(0x0000004981000000,0x0000004981100000) (1024K)]
  0x000002097cc5de30 JavaThread "C2 CompilerThread0"         daemon [_thread_in_native, id=20504, stack(0x0000004981100000,0x0000004981200000) (1024K)]
=>0x000002097cc80410 JavaThread "C1 CompilerThread0"         daemon [_thread_in_native, id=20640, stack(0x0000004981200000,0x0000004981300000) (1024K)]
  0x000002097e750c80 JavaThread "Common-Cleaner"             daemon [_thread_blocked, id=20884, stack(0x0000004981300000,0x0000004981400000) (1024K)]
  0x000002097e81dc00 JavaThread "Notification Thread"        daemon [_thread_blocked, id=16112, stack(0x0000004981400000,0x0000004981500000) (1024K)]
  0x000002097ec2c950 JavaThread "Active Thread: Equinox Container: 75f4c73f-31b9-4da4-85ee-7372c150bcd4"        [_thread_blocked, id=20800, stack(0x0000004981b00000,0x0000004981c00000) (1024K)]
  0x000002097ec430a0 JavaThread "Refresh Thread: Equinox Container: 75f4c73f-31b9-4da4-85ee-7372c150bcd4" daemon [_thread_blocked, id=20592, stack(0x0000004981c00000,0x0000004981d00000) (1024K)]
  0x000002097efc41e0 JavaThread "Framework Event Dispatcher: Equinox Container: 75f4c73f-31b9-4da4-85ee-7372c150bcd4" daemon [_thread_blocked, id=7576, stack(0x0000004981e00000,0x0000004981f00000) (1024K)]
  0x000002097edcda00 JavaThread "Start Level: Equinox Container: 75f4c73f-31b9-4da4-85ee-7372c150bcd4" daemon [_thread_blocked, id=19384, stack(0x0000004981f00000,0x0000004982000000) (1024K)]
  0x000002097f05d880 JavaThread "Bundle File Closer"         daemon [_thread_blocked, id=20496, stack(0x0000004982000000,0x0000004982100000) (1024K)]
  0x0000020945455ef0 JavaThread "SCR Component Actor"        daemon [_thread_blocked, id=17640, stack(0x0000004982100000,0x0000004982200000) (1024K)]
  0x00000209453828a0 JavaThread "Worker-JM"                         [_thread_blocked, id=21380, stack(0x0000004982200000,0x0000004982300000) (1024K)]
  0x0000020945383c50 JavaThread "JNA Cleaner"                daemon [_thread_blocked, id=20832, stack(0x0000004982300000,0x0000004982400000) (1024K)]
  0x00000209453835c0 JavaThread "Worker-0"                          [_thread_blocked, id=20544, stack(0x0000004982400000,0x0000004982500000) (1024K)]
  0x00000209453842e0 JavaThread "Worker-1"                          [_thread_blocked, id=20648, stack(0x0000004982500000,0x0000004982600000) (1024K)]
  0x0000020945382f30 JavaThread "Worker-2"                          [_thread_blocked, id=10584, stack(0x0000004982600000,0x0000004982700000) (1024K)]
  0x0000020945385000 JavaThread "Worker-3: Initialize Workspace"        [_thread_in_Java, id=20704, stack(0x0000004982700000,0x0000004982800000) (1024K)]
  0x0000020945385690 JavaThread "Java indexing"              daemon [_thread_blocked, id=21064, stack(0x0000004982800000,0x0000004982900000) (1024K)]
  0x0000020945382210 JavaThread "Worker-4"                          [_thread_blocked, id=17196, stack(0x0000004982b00000,0x0000004982c00000) (1024K)]
  0x0000020946a9a140 JavaThread "Worker-5"                          [_thread_blocked, id=20876, stack(0x0000004982c00000,0x0000004982d00000) (1024K)]
  0x0000020946a99ab0 JavaThread "Thread-1"                   daemon [_thread_in_native, id=21480, stack(0x0000004982d00000,0x0000004982e00000) (1024K)]
  0x0000020946a9dc50 JavaThread "Thread-2"                   daemon [_thread_in_native, id=20792, stack(0x0000004982e00000,0x0000004982f00000) (1024K)]
  0x0000020946a9ae60 JavaThread "Thread-3"                   daemon [_thread_in_native, id=21196, stack(0x0000004982f00000,0x0000004983000000) (1024K)]
  0x0000020946a98700 JavaThread "Thread-4"                   daemon [_thread_in_native, id=21084, stack(0x0000004983000000,0x0000004983100000) (1024K)]
  0x0000020946a9e2e0 JavaThread "Thread-5"                   daemon [_thread_in_native, id=18156, stack(0x0000004983100000,0x0000004983200000) (1024K)]
  0x0000020946a9cf30 JavaThread "Thread-6"                   daemon [_thread_in_native, id=308, stack(0x0000004983200000,0x0000004983300000) (1024K)]
  0x0000020946a9bb80 JavaThread "Thread-7"                   daemon [_thread_in_native, id=20844, stack(0x0000004983300000,0x0000004983400000) (1024K)]
  0x0000020946a9d5c0 JavaThread "Thread-8"                   daemon [_thread_in_native, id=12824, stack(0x0000004983400000,0x0000004983500000) (1024K)]
  0x0000020946a9c8a0 JavaThread "Thread-9"                   daemon [_thread_in_native, id=3248, stack(0x0000004983500000,0x0000004983600000) (1024K)]
  0x0000020946a9a7d0 JavaThread "pool-2-thread-1"                   [_thread_blocked, id=9728, stack(0x0000004983600000,0x0000004983700000) (1024K)]
  0x0000020946a98d90 JavaThread "WorkspaceEventsHandler"            [_thread_blocked, id=15644, stack(0x0000004983700000,0x0000004983800000) (1024K)]
  0x0000020946a9b4f0 JavaThread "pool-1-thread-1"                   [_thread_blocked, id=21192, stack(0x0000004983800000,0x0000004983900000) (1024K)]
  0x0000020946a9c210 JavaThread "ForkJoinPool.commonPool-worker-1" daemon [_thread_blocked, id=21076, stack(0x0000004983900000,0x0000004983a00000) (1024K)]
  0x0000020946a9e970 JavaThread "ForkJoinPool.commonPool-worker-2" daemon [_thread_blocked, id=20488, stack(0x0000004983a00000,0x0000004983b00000) (1024K)]
Total: 40

Other Threads:
  0x00000209662a3b70 VMThread "VM Thread"                           [id=20140, stack(0x0000004980a00000,0x0000004980b00000) (1024K)]
  0x00000209662542a0 WatcherThread "VM Periodic Task Thread"        [id=18904, stack(0x0000004980900000,0x0000004980a00000) (1024K)]
  0x0000020966208bc0 WorkerThread "GC Thread#0"                     [id=20056, stack(0x0000004980800000,0x0000004980900000) (1024K)]
  0x000002097ead01b0 WorkerThread "GC Thread#1"                     [id=21356, stack(0x0000004981500000,0x0000004981600000) (1024K)]
  0x000002097e86ea30 WorkerThread "GC Thread#2"                     [id=19884, stack(0x0000004981600000,0x0000004981700000) (1024K)]
  0x000002097e86edd0 WorkerThread "GC Thread#3"                     [id=20868, stack(0x0000004981700000,0x0000004981800000) (1024K)]
  0x000002097e86f170 WorkerThread "GC Thread#4"                     [id=20920, stack(0x0000004981800000,0x0000004981900000) (1024K)]
  0x000002097e86f510 WorkerThread "GC Thread#5"                     [id=20084, stack(0x0000004981900000,0x0000004981a00000) (1024K)]
  0x000002097ecfd650 WorkerThread "GC Thread#6"                     [id=21180, stack(0x0000004981a00000,0x0000004981b00000) (1024K)]
  0x000002097ed79f70 WorkerThread "GC Thread#7"                     [id=19440, stack(0x0000004981d00000,0x0000004981e00000) (1024K)]
Total: 10

Threads with active compile tasks:
C2 CompilerThread0  16090 7206 %     4       org.lombokweb.asm.SymbolTable::<init> @ 98 (554 bytes)
C1 CompilerThread0  16090 7218       3       org.lombokweb.asm.ClassReader::readCode (5117 bytes)
Total: 2

VM state: not at safepoint (normal execution)

VM Mutex/Monitor currently owned by a thread: None

Heap address: 0x0000000080000000, size: 2048 MB, Compressed Oops mode: 32-bit

CDS archive(s) mapped at: [0x0000020900000000-0x0000020900ba0000-0x0000020900ba0000), size 12189696, SharedBaseAddress: 0x0000020900000000, ArchiveRelocationMode: 1.
Compressed class space mapped at: 0x0000020901000000-0x0000020941000000, reserved size: 1073741824
Narrow klass base: 0x0000020900000000, Narrow klass shift: 0, Narrow klass range: 0x100000000

GC Precious Log:
 CardTable entry size: 512
 CPUs: 8 total, 8 available
 Memory: 16118M
 Large Page Support: Disabled
 NUMA Support: Disabled
 Compressed Oops: Enabled (32-bit)
 Alignments: Space 512K, Generation 512K, Heap 2M
 Heap Min Capacity: 100M
 Heap Initial Capacity: 100M
 Heap Max Capacity: 2G
 Pre-touch: Disabled
 Parallel Workers: 8

Heap:
 PSYoungGen      total 22528K, used 9338K [0x00000000d5580000, 0x00000000d6f80000, 0x0000000100000000)
  eden space 20992K, 37% used [0x00000000d5580000,0x00000000d5d21010,0x00000000d6a00000)
  from space 1536K, 99% used [0x00000000d6e00000,0x00000000d6f7db48,0x00000000d6f80000)
  to   space 2560K, 0% used [0x00000000d6a80000,0x00000000d6a80000,0x00000000d6d00000)
 ParOldGen       total 68608K, used 40933K [0x0000000080000000, 0x0000000084300000, 0x00000000d5580000)
  object space 68608K, 59% used [0x0000000080000000,0x00000000827f97e8,0x0000000084300000)
 Metaspace       used 52487K, committed 53632K, reserved 1114112K
  class space    used 5637K, committed 6144K, reserved 1048576K

Card table byte_map: [0x0000020965bb0000,0x0000020965fc0000] _byte_map_base: 0x00000209657b0000

Marking Bits: (ParMarkBitMap*) 0x00007ffe08fb2460
 Begin Bits: [0x00000209786a0000, 0x000002097a6a0000)
 End Bits:   [0x000002097a6a0000, 0x000002097c6a0000)

Polling page: 0x00000209640a0000

Metaspace:

Usage:
  Non-class:     45.75 MB used.
      Class:      5.50 MB used.
       Both:     51.26 MB used.

Virtual space:
  Non-class space:       64.00 MB reserved,      46.38 MB ( 72%) committed,  1 nodes.
      Class space:        1.00 GB reserved,       6.00 MB ( <1%) committed,  1 nodes.
             Both:        1.06 GB reserved,      52.38 MB (  5%) committed. 

Chunk freelists:
   Non-Class:  716.00 KB
       Class:  9.92 MB
        Both:  10.62 MB

MaxMetaspaceSize: unlimited
CompressedClassSpaceSize: 1.00 GB
Initial GC threshold: 21.00 MB
Current GC threshold: 58.38 MB
CDS: on
 - commit_granule_bytes: 65536.
 - commit_granule_words: 8192.
 - virtual_space_node_default_size: 8388608.
 - enlarge_chunks_in_place: 1.
 - use_allocation_guard: 0.


Internal statistics:

num_allocs_failed_limit: 6.
num_arena_births: 854.
num_arena_deaths: 14.
num_vsnodes_births: 2.
num_vsnodes_deaths: 0.
num_space_committed: 837.
num_space_uncommitted: 0.
num_chunks_returned_to_freelist: 20.
num_chunks_taken_from_freelist: 3138.
num_chunk_merges: 10.
num_chunk_splits: 1981.
num_chunks_enlarged: 1203.
num_inconsistent_stats: 0.

CodeHeap 'non-profiled nmethods': size=120000Kb used=3264Kb max_used=3264Kb free=116736Kb
 bounds [0x0000020970ec0000, 0x00000209711f0000, 0x00000209783f0000]
CodeHeap 'profiled nmethods': size=120000Kb used=13662Kb max_used=13662Kb free=106337Kb
 bounds [0x00000209693f0000, 0x000002096a150000, 0x0000020970920000]
CodeHeap 'non-nmethods': size=5760Kb used=1418Kb max_used=1443Kb free=4342Kb
 bounds [0x0000020970920000, 0x0000020970b90000, 0x0000020970ec0000]
CodeCache: size=245760Kb, used=18344Kb, max_used=18369Kb, free=227415Kb
 total_blobs=7403, nmethods=6687, adapters=622, full_count=0
Compilation: enabled, stopped_count=0, restarted_count=0

Compilation events (20 events):
Event: 16.028 Thread 0x000002097cc80410 nmethod 7208 0x000002096a13ec10 code [0x000002096a13ee20, 0x000002096a13f290]
Event: 16.028 Thread 0x000002097cc80410 7210       3       org.lombokweb.asm.ClassVisitor::visitInnerClass (20 bytes)
Event: 16.028 Thread 0x000002097cc80410 nmethod 7210 0x000002096a13f590 code [0x000002096a13f740, 0x000002096a13f948]
Event: 16.028 Thread 0x000002097cc80410 7209       3       org.lombokweb.asm.Type::getMethodType (16 bytes)
Event: 16.029 Thread 0x000002097cc80410 nmethod 7209 0x000002096a13fa10 code [0x000002096a13fbe0, 0x000002096a13ff10]
Event: 16.029 Thread 0x000002097cc80410 7212       2       org.lombokweb.asm.ClassReader::readMethod (1070 bytes)
Event: 16.034 Thread 0x000002097cc80410 nmethod 7212 0x000002096a140090 code [0x000002096a140620, 0x000002096a142c38]
Event: 16.034 Thread 0x000002097cc80410 7216       3       lombok.patcher.MethodTarget::decomposeFullDesc (95 bytes)
Event: 16.034 Thread 0x000002097cc5de30 nmethod 7191 0x00000209711ea790 code [0x00000209711eac40, 0x00000209711ec538]
Event: 16.034 Thread 0x000002097cc5de30 7207       4       java.util.regex.Pattern$BmpCharPropertyGreedy::match (89 bytes)
Event: 16.035 Thread 0x000002097cc80410 nmethod 7216 0x000002096a144390 code [0x000002096a1446c0, 0x000002096a145890]
Event: 16.035 Thread 0x000002097cc80410 7213       3       java.util.regex.Pattern$Prolog::match (11 bytes)
Event: 16.035 Thread 0x000002097cc80410 nmethod 7213 0x000002096a146010 code [0x000002096a1461c0, 0x000002096a146320]
Event: 16.035 Thread 0x000002097cc80410 7214       3       java.util.regex.Pattern$Loop::matchInit (156 bytes)
Event: 16.036 Thread 0x000002097cc80410 nmethod 7214 0x000002096a146410 code [0x000002096a146640, 0x000002096a146f40]
Event: 16.036 Thread 0x000002097cc80410 7215       3       java.util.regex.IntHashSet::<init> (42 bytes)
Event: 16.037 Thread 0x000002097cc80410 nmethod 7215 0x000002096a147310 code [0x000002096a1474e0, 0x000002096a147820]
Event: 16.037 Thread 0x000002097cc80410 7218       3       org.lombokweb.asm.ClassReader::readCode (5117 bytes)
Event: 16.041 Thread 0x000002097cc5de30 nmethod 7207 0x00000209711ed790 code [0x00000209711ed980, 0x00000209711edf08]
Event: 16.042 Thread 0x000002097cc5de30 7200 %     4       org.lombokweb.asm.ClassReader::<init> @ 95 (359 bytes)

GC Heap History (20 events):
Event: 13.434 GC heap before
{Heap before GC invocations=21 (full 2):
 PSYoungGen      total 23040K, used 22752K [0x00000000d5580000, 0x00000000d7000000, 0x0000000100000000)
  eden space 22016K, 100% used [0x00000000d5580000,0x00000000d6b00000,0x00000000d6b00000)
  from space 1024K, 71% used [0x00000000d6f00000,0x00000000d6fb8000,0x00000000d7000000)
  to   space 1536K, 0% used [0x00000000d6d00000,0x00000000d6d00000,0x00000000d6e80000)
 ParOldGen       total 68608K, used 23205K [0x0000000080000000, 0x0000000084300000, 0x00000000d5580000)
  object space 68608K, 33% used [0x0000000080000000,0x00000000816a9600,0x0000000084300000)
 Metaspace       used 47217K, committed 48384K, reserved 1114112K
  class space    used 5111K, committed 5632K, reserved 1048576K
}
Event: 13.439 GC heap after
{Heap after GC invocations=21 (full 2):
 PSYoungGen      total 23552K, used 1504K [0x00000000d5580000, 0x00000000d7100000, 0x0000000100000000)
  eden space 22016K, 0% used [0x00000000d5580000,0x00000000d5580000,0x00000000d6b00000)
  from space 1536K, 97% used [0x00000000d6d00000,0x00000000d6e78030,0x00000000d6e80000)
  to   space 2560K, 0% used [0x00000000d6e80000,0x00000000d6e80000,0x00000000d7100000)
 ParOldGen       total 68608K, used 24185K [0x0000000080000000, 0x0000000084300000, 0x00000000d5580000)
  object space 68608K, 35% used [0x0000000080000000,0x000000008179e590,0x0000000084300000)
 Metaspace       used 47217K, committed 48384K, reserved 1114112K
  class space    used 5111K, committed 5632K, reserved 1048576K
}
Event: 13.675 GC heap before
{Heap before GC invocations=22 (full 2):
 PSYoungGen      total 23552K, used 23510K [0x00000000d5580000, 0x00000000d7100000, 0x0000000100000000)
  eden space 22016K, 99% used [0x00000000d5580000,0x00000000d6afdaa0,0x00000000d6b00000)
  from space 1536K, 97% used [0x00000000d6d00000,0x00000000d6e78030,0x00000000d6e80000)
  to   space 2560K, 0% used [0x00000000d6e80000,0x00000000d6e80000,0x00000000d7100000)
 ParOldGen       total 68608K, used 24185K [0x0000000080000000, 0x0000000084300000, 0x00000000d5580000)
  object space 68608K, 35% used [0x0000000080000000,0x000000008179e590,0x0000000084300000)
 Metaspace       used 47391K, committed 48576K, reserved 1114112K
  class space    used 5139K, committed 5632K, reserved 1048576K
}
Event: 13.679 GC heap after
{Heap after GC invocations=22 (full 2):
 PSYoungGen      total 24576K, used 2306K [0x00000000d5580000, 0x00000000d7100000, 0x0000000100000000)
  eden space 22016K, 0% used [0x00000000d5580000,0x00000000d5580000,0x00000000d6b00000)
  from space 2560K, 90% used [0x00000000d6e80000,0x00000000d70c0810,0x00000000d7100000)
  to   space 2560K, 0% used [0x00000000d6c00000,0x00000000d6c00000,0x00000000d6e80000)
 ParOldGen       total 68608K, used 25633K [0x0000000080000000, 0x0000000084300000, 0x00000000d5580000)
  object space 68608K, 37% used [0x0000000080000000,0x00000000819085c0,0x0000000084300000)
 Metaspace       used 47391K, committed 48576K, reserved 1114112K
  class space    used 5139K, committed 5632K, reserved 1048576K
}
Event: 13.892 GC heap before
{Heap before GC invocations=23 (full 2):
 PSYoungGen      total 24576K, used 24322K [0x00000000d5580000, 0x00000000d7100000, 0x0000000100000000)
  eden space 22016K, 100% used [0x00000000d5580000,0x00000000d6b00000,0x00000000d6b00000)
  from space 2560K, 90% used [0x00000000d6e80000,0x00000000d70c0810,0x00000000d7100000)
  to   space 2560K, 0% used [0x00000000d6c00000,0x00000000d6c00000,0x00000000d6e80000)
 ParOldGen       total 68608K, used 25633K [0x0000000080000000, 0x0000000084300000, 0x00000000d5580000)
  object space 68608K, 37% used [0x0000000080000000,0x00000000819085c0,0x0000000084300000)
 Metaspace       used 47639K, committed 48768K, reserved 1114112K
  class space    used 5172K, committed 5632K, reserved 1048576K
}
Event: 13.895 GC heap after
{Heap after GC invocations=23 (full 2):
 PSYoungGen      total 24576K, used 2144K [0x00000000d5580000, 0x00000000d7000000, 0x0000000100000000)
  eden space 22016K, 0% used [0x00000000d5580000,0x00000000d5580000,0x00000000d6b00000)
  from space 2560K, 83% used [0x00000000d6c00000,0x00000000d6e18020,0x00000000d6e80000)
  to   space 1536K, 0% used [0x00000000d6e80000,0x00000000d6e80000,0x00000000d7000000)
 ParOldGen       total 68608K, used 27723K [0x0000000080000000, 0x0000000084300000, 0x00000000d5580000)
  object space 68608K, 40% used [0x0000000080000000,0x0000000081b12dc0,0x0000000084300000)
 Metaspace       used 47639K, committed 48768K, reserved 1114112K
  class space    used 5172K, committed 5632K, reserved 1048576K
}
Event: 14.042 GC heap before
{Heap before GC invocations=24 (full 2):
 PSYoungGen      total 24576K, used 24160K [0x00000000d5580000, 0x00000000d7000000, 0x0000000100000000)
  eden space 22016K, 100% used [0x00000000d5580000,0x00000000d6b00000,0x00000000d6b00000)
  from space 2560K, 83% used [0x00000000d6c00000,0x00000000d6e18020,0x00000000d6e80000)
  to   space 1536K, 0% used [0x00000000d6e80000,0x00000000d6e80000,0x00000000d7000000)
 ParOldGen       total 68608K, used 27723K [0x0000000080000000, 0x0000000084300000, 0x00000000d5580000)
  object space 68608K, 40% used [0x0000000080000000,0x0000000081b12dc0,0x0000000084300000)
 Metaspace       used 47652K, committed 48832K, reserved 1114112K
  class space    used 5172K, committed 5632K, reserved 1048576K
}
Event: 14.046 GC heap after
{Heap after GC invocations=24 (full 2):
 PSYoungGen      total 22528K, used 1536K [0x00000000d5580000, 0x00000000d7400000, 0x0000000100000000)
  eden space 20992K, 0% used [0x00000000d5580000,0x00000000d5580000,0x00000000d6a00000)
  from space 1536K, 100% used [0x00000000d6e80000,0x00000000d7000000,0x00000000d7000000)
  to   space 4608K, 0% used [0x00000000d6a00000,0x00000000d6a00000,0x00000000d6e80000)
 ParOldGen       total 68608K, used 30295K [0x0000000080000000, 0x0000000084300000, 0x00000000d5580000)
  object space 68608K, 44% used [0x0000000080000000,0x0000000081d95ef0,0x0000000084300000)
 Metaspace       used 47652K, committed 48832K, reserved 1114112K
  class space    used 5172K, committed 5632K, reserved 1048576K
}
Event: 14.176 GC heap before
{Heap before GC invocations=25 (full 2):
 PSYoungGen      total 22528K, used 22528K [0x00000000d5580000, 0x00000000d7400000, 0x0000000100000000)
  eden space 20992K, 100% used [0x00000000d5580000,0x00000000d6a00000,0x00000000d6a00000)
  from space 1536K, 100% used [0x00000000d6e80000,0x00000000d7000000,0x00000000d7000000)
  to   space 4608K, 0% used [0x00000000d6a00000,0x00000000d6a00000,0x00000000d6e80000)
 ParOldGen       total 68608K, used 30295K [0x0000000080000000, 0x0000000084300000, 0x00000000d5580000)
  object space 68608K, 44% used [0x0000000080000000,0x0000000081d95ef0,0x0000000084300000)
 Metaspace       used 47660K, committed 48832K, reserved 1114112K
  class space    used 5172K, committed 5632K, reserved 1048576K
}
Event: 14.181 GC heap after
{Heap after GC invocations=25 (full 2):
 PSYoungGen      total 23040K, used 1856K [0x00000000d5580000, 0x00000000d7000000, 0x0000000100000000)
  eden space 20992K, 0% used [0x00000000d5580000,0x00000000d5580000,0x00000000d6a00000)
  from space 2048K, 90% used [0x00000000d6a00000,0x00000000d6bd0000,0x00000000d6c00000)
  to   space 3072K, 0% used [0x00000000d6d00000,0x00000000d6d00000,0x00000000d7000000)
 ParOldGen       total 68608K, used 31835K [0x0000000080000000, 0x0000000084300000, 0x00000000d5580000)
  object space 68608K, 46% used [0x0000000080000000,0x0000000081f16fd0,0x0000000084300000)
 Metaspace       used 47660K, committed 48832K, reserved 1114112K
  class space    used 5172K, committed 5632K, reserved 1048576K
}
Event: 14.342 GC heap before
{Heap before GC invocations=26 (full 2):
 PSYoungGen      total 23040K, used 22848K [0x00000000d5580000, 0x00000000d7000000, 0x0000000100000000)
  eden space 20992K, 100% used [0x00000000d5580000,0x00000000d6a00000,0x00000000d6a00000)
  from space 2048K, 90% used [0x00000000d6a00000,0x00000000d6bd0000,0x00000000d6c00000)
  to   space 3072K, 0% used [0x00000000d6d00000,0x00000000d6d00000,0x00000000d7000000)
 ParOldGen       total 68608K, used 31835K [0x0000000080000000, 0x0000000084300000, 0x00000000d5580000)
  object space 68608K, 46% used [0x0000000080000000,0x0000000081f16fd0,0x0000000084300000)
 Metaspace       used 47713K, committed 48896K, reserved 1114112K
  class space    used 5174K, committed 5696K, reserved 1048576K
}
Event: 14.346 GC heap after
{Heap after GC invocations=26 (full 2):
 PSYoungGen      total 23040K, used 2016K [0x00000000d5580000, 0x00000000d6f00000, 0x0000000100000000)
  eden space 20992K, 0% used [0x00000000d5580000,0x00000000d5580000,0x00000000d6a00000)
  from space 2048K, 98% used [0x00000000d6d00000,0x00000000d6ef8010,0x00000000d6f00000)
  to   space 2560K, 0% used [0x00000000d6a00000,0x00000000d6a00000,0x00000000d6c80000)
 ParOldGen       total 68608K, used 33579K [0x0000000080000000, 0x0000000084300000, 0x00000000d5580000)
  object space 68608K, 48% used [0x0000000080000000,0x00000000820cafd0,0x0000000084300000)
 Metaspace       used 47713K, committed 48896K, reserved 1114112K
  class space    used 5174K, committed 5696K, reserved 1048576K
}
Event: 14.534 GC heap before
{Heap before GC invocations=27 (full 2):
 PSYoungGen      total 23040K, used 23008K [0x00000000d5580000, 0x00000000d6f00000, 0x0000000100000000)
  eden space 20992K, 100% used [0x00000000d5580000,0x00000000d6a00000,0x00000000d6a00000)
  from space 2048K, 98% used [0x00000000d6d00000,0x00000000d6ef8010,0x00000000d6f00000)
  to   space 2560K, 0% used [0x00000000d6a00000,0x00000000d6a00000,0x00000000d6c80000)
 ParOldGen       total 68608K, used 33579K [0x0000000080000000, 0x0000000084300000, 0x00000000d5580000)
  object space 68608K, 48% used [0x0000000080000000,0x00000000820cafd0,0x0000000084300000)
 Metaspace       used 47975K, committed 49152K, reserved 1114112K
  class space    used 5192K, committed 5696K, reserved 1048576K
}
Event: 14.539 GC heap after
{Heap after GC invocations=27 (full 2):
 PSYoungGen      total 23552K, used 2528K [0x00000000d5580000, 0x00000000d7400000, 0x0000000100000000)
  eden space 20992K, 0% used [0x00000000d5580000,0x00000000d5580000,0x00000000d6a00000)
  from space 2560K, 98% used [0x00000000d6a00000,0x00000000d6c78200,0x00000000d6c80000)
  to   space 5120K, 0% used [0x00000000d6f00000,0x00000000d6f00000,0x00000000d7400000)
 ParOldGen       total 68608K, used 35675K [0x0000000080000000, 0x0000000084300000, 0x00000000d5580000)
  object space 68608K, 51% used [0x0000000080000000,0x00000000822d6fe0,0x0000000084300000)
 Metaspace       used 47975K, committed 49152K, reserved 1114112K
  class space    used 5192K, committed 5696K, reserved 1048576K
}
Event: 15.243 GC heap before
{Heap before GC invocations=28 (full 2):
 PSYoungGen      total 23552K, used 23520K [0x00000000d5580000, 0x00000000d7400000, 0x0000000100000000)
  eden space 20992K, 100% used [0x00000000d5580000,0x00000000d6a00000,0x00000000d6a00000)
  from space 2560K, 98% used [0x00000000d6a00000,0x00000000d6c78200,0x00000000d6c80000)
  to   space 5120K, 0% used [0x00000000d6f00000,0x00000000d6f00000,0x00000000d7400000)
 ParOldGen       total 68608K, used 35675K [0x0000000080000000, 0x0000000084300000, 0x00000000d5580000)
  object space 68608K, 51% used [0x0000000080000000,0x00000000822d6fe0,0x0000000084300000)
 Metaspace       used 50692K, committed 51904K, reserved 1114112K
  class space    used 5441K, committed 5952K, reserved 1048576K
}
Event: 15.248 GC heap after
{Heap after GC invocations=28 (full 2):
 PSYoungGen      total 23552K, used 2414K [0x00000000d5580000, 0x00000000d7180000, 0x0000000100000000)
  eden space 20992K, 0% used [0x00000000d5580000,0x00000000d5580000,0x00000000d6a00000)
  from space 2560K, 94% used [0x00000000d6f00000,0x00000000d715ba90,0x00000000d7180000)
  to   space 3584K, 0% used [0x00000000d6a80000,0x00000000d6a80000,0x00000000d6e00000)
 ParOldGen       total 68608K, used 38244K [0x0000000080000000, 0x0000000084300000, 0x00000000d5580000)
  object space 68608K, 55% used [0x0000000080000000,0x00000000825591e0,0x0000000084300000)
 Metaspace       used 50692K, committed 51904K, reserved 1114112K
  class space    used 5441K, committed 5952K, reserved 1048576K
}
Event: 15.749 GC heap before
{Heap before GC invocations=29 (full 2):
 PSYoungGen      total 23552K, used 23406K [0x00000000d5580000, 0x00000000d7180000, 0x0000000100000000)
  eden space 20992K, 100% used [0x00000000d5580000,0x00000000d6a00000,0x00000000d6a00000)
  from space 2560K, 94% used [0x00000000d6f00000,0x00000000d715ba90,0x00000000d7180000)
  to   space 3584K, 0% used [0x00000000d6a80000,0x00000000d6a80000,0x00000000d6e00000)
 ParOldGen       total 68608K, used 38244K [0x0000000080000000, 0x0000000084300000, 0x00000000d5580000)
  object space 68608K, 55% used [0x0000000080000000,0x00000000825591e0,0x0000000084300000)
 Metaspace       used 51676K, committed 52800K, reserved 1114112K
  class space    used 5556K, committed 6016K, reserved 1048576K
}
Event: 15.751 GC heap after
{Heap after GC invocations=29 (full 2):
 PSYoungGen      total 24576K, used 416K [0x00000000d5580000, 0x00000000d6f80000, 0x0000000100000000)
  eden space 20992K, 0% used [0x00000000d5580000,0x00000000d5580000,0x00000000d6a00000)
  from space 3584K, 11% used [0x00000000d6a80000,0x00000000d6ae8000,0x00000000d6e00000)
  to   space 1536K, 0% used [0x00000000d6e00000,0x00000000d6e00000,0x00000000d6f80000)
 ParOldGen       total 68608K, used 40479K [0x0000000080000000, 0x0000000084300000, 0x00000000d5580000)
  object space 68608K, 59% used [0x0000000080000000,0x0000000082787c70,0x0000000084300000)
 Metaspace       used 51676K, committed 52800K, reserved 1114112K
  class space    used 5556K, committed 6016K, reserved 1048576K
}
Event: 16.048 GC heap before
{Heap before GC invocations=30 (full 2):
 PSYoungGen      total 24576K, used 21408K [0x00000000d5580000, 0x00000000d6f80000, 0x0000000100000000)
  eden space 20992K, 100% used [0x00000000d5580000,0x00000000d6a00000,0x00000000d6a00000)
  from space 3584K, 11% used [0x00000000d6a80000,0x00000000d6ae8000,0x00000000d6e00000)
  to   space 1536K, 0% used [0x00000000d6e00000,0x00000000d6e00000,0x00000000d6f80000)
 ParOldGen       total 68608K, used 40479K [0x0000000080000000, 0x0000000084300000, 0x00000000d5580000)
  object space 68608K, 59% used [0x0000000080000000,0x0000000082787c70,0x0000000084300000)
 Metaspace       used 52484K, committed 53632K, reserved 1114112K
  class space    used 5637K, committed 6144K, reserved 1048576K
}
Event: 16.049 GC heap after
{Heap after GC invocations=30 (full 2):
 PSYoungGen      total 22528K, used 1526K [0x00000000d5580000, 0x00000000d6f80000, 0x0000000100000000)
  eden space 20992K, 0% used [0x00000000d5580000,0x00000000d5580000,0x00000000d6a00000)
  from space 1536K, 99% used [0x00000000d6e00000,0x00000000d6f7db48,0x00000000d6f80000)
  to   space 2560K, 0% used [0x00000000d6a80000,0x00000000d6a80000,0x00000000d6d00000)
 ParOldGen       total 68608K, used 40933K [0x0000000080000000, 0x0000000084300000, 0x00000000d5580000)
  object space 68608K, 59% used [0x0000000080000000,0x00000000827f97e8,0x0000000084300000)
 Metaspace       used 52484K, committed 53632K, reserved 1114112K
  class space    used 5637K, committed 6144K, reserved 1048576K
}

Dll operation events (10 events):
Event: 0.023 Loaded shared library c:\Users\admin\.vscode\extensions\redhat.java-1.50.0-win32-x64\jre\21.0.9-win32-x86_64\bin\java.dll
Event: 0.123 Loaded shared library c:\Users\admin\.vscode\extensions\redhat.java-1.50.0-win32-x64\jre\21.0.9-win32-x86_64\bin\zip.dll
Event: 0.292 Loaded shared library C:\Users\admin\.vscode\extensions\redhat.java-1.50.0-win32-x64\jre\21.0.9-win32-x86_64\bin\instrument.dll
Event: 0.300 Loaded shared library C:\Users\admin\.vscode\extensions\redhat.java-1.50.0-win32-x64\jre\21.0.9-win32-x86_64\bin\net.dll
Event: 0.304 Loaded shared library C:\Users\admin\.vscode\extensions\redhat.java-1.50.0-win32-x64\jre\21.0.9-win32-x86_64\bin\nio.dll
Event: 0.312 Loaded shared library C:\Users\admin\.vscode\extensions\redhat.java-1.50.0-win32-x64\jre\21.0.9-win32-x86_64\bin\zip.dll
Event: 0.344 Loaded shared library C:\Users\admin\.vscode\extensions\redhat.java-1.50.0-win32-x64\jre\21.0.9-win32-x86_64\bin\jimage.dll
Event: 0.489 Loaded shared library c:\Users\admin\.vscode\extensions\redhat.java-1.50.0-win32-x64\jre\21.0.9-win32-x86_64\bin\verify.dll
Event: 2.611 Loaded shared library C:\Users\admin\AppData\Roaming\Code\User\globalStorage\redhat.java\1.50.0\config_win\org.eclipse.equinox.launcher\org.eclipse.equinox.launcher.win32.win32.x86_64_1.2.1400.v20250801-0854\eclipse_11916.dll
Event: 5.235 Loaded shared library C:\Users\admin\AppData\Local\Temp\jna-92668751\jna11178224849271676382.dll

Deoptimization events (20 events):
Event: 16.028 Thread 0x0000020945385000 Uncommon trap: trap_request=0xffffffde fr.pc=0x0000020971081864 relative=0x0000000000008724
Event: 16.028 Thread 0x0000020945385000 Uncommon trap: reason=class_check action=maybe_recompile pc=0x0000020971081864 method=lombok.patcher.PatchScript$MethodPatcher.visitMethod(ILjava/lang/String;Ljava/lang/String;Ljava/lang/String;[Ljava/lang/String;)Lorg/lombokweb/asm/MethodVisitor; @ 101 c
Event: 16.028 Thread 0x0000020945385000 DEOPT PACKING pc=0x0000020971081864 sp=0x00000049827fa6a0
Event: 16.028 Thread 0x0000020945385000 DEOPT UNPACKING pc=0x0000020970976da2 sp=0x00000049827fa648 mode 2
Event: 16.028 Thread 0x0000020945385000 Uncommon trap: trap_request=0xffffffde fr.pc=0x0000020971081864 relative=0x0000000000008724
Event: 16.028 Thread 0x0000020945385000 Uncommon trap: reason=class_check action=maybe_recompile pc=0x0000020971081864 method=lombok.patcher.PatchScript$MethodPatcher.visitMethod(ILjava/lang/String;Ljava/lang/String;Ljava/lang/String;[Ljava/lang/String;)Lorg/lombokweb/asm/MethodVisitor; @ 101 c
Event: 16.028 Thread 0x0000020945385000 DEOPT PACKING pc=0x0000020971081864 sp=0x00000049827fa6a0
Event: 16.028 Thread 0x0000020945385000 DEOPT UNPACKING pc=0x0000020970976da2 sp=0x00000049827fa648 mode 2
Event: 16.028 Thread 0x0000020945385000 Uncommon trap: trap_request=0xffffffde fr.pc=0x0000020971081864 relative=0x0000000000008724
Event: 16.028 Thread 0x0000020945385000 Uncommon trap: reason=class_check action=maybe_recompile pc=0x0000020971081864 method=lombok.patcher.PatchScript$MethodPatcher.visitMethod(ILjava/lang/String;Ljava/lang/String;Ljava/lang/String;[Ljava/lang/String;)Lorg/lombokweb/asm/MethodVisitor; @ 101 c
Event: 16.028 Thread 0x0000020945385000 DEOPT PACKING pc=0x0000020971081864 sp=0x00000049827fa6a0
Event: 16.028 Thread 0x0000020945385000 DEOPT UNPACKING pc=0x0000020970976da2 sp=0x00000049827fa648 mode 2
Event: 16.028 Thread 0x0000020945385000 Uncommon trap: trap_request=0xffffffde fr.pc=0x0000020971081864 relative=0x0000000000008724
Event: 16.028 Thread 0x0000020945385000 Uncommon trap: reason=class_check action=maybe_recompile pc=0x0000020971081864 method=lombok.patcher.PatchScript$MethodPatcher.visitMethod(ILjava/lang/String;Ljava/lang/String;Ljava/lang/String;[Ljava/lang/String;)Lorg/lombokweb/asm/MethodVisitor; @ 101 c
Event: 16.028 Thread 0x0000020945385000 DEOPT PACKING pc=0x0000020971081864 sp=0x00000049827fa6a0
Event: 16.028 Thread 0x0000020945385000 DEOPT UNPACKING pc=0x0000020970976da2 sp=0x00000049827fa648 mode 2
Event: 16.044 Thread 0x0000020945385000 Uncommon trap: trap_request=0xffffff45 fr.pc=0x00000209711ebe38 relative=0x00000000000011f8
Event: 16.044 Thread 0x0000020945385000 Uncommon trap: reason=unstable_if action=reinterpret pc=0x00000209711ebe38 method=org.lombokweb.asm.MethodWriter.putMethodInfo(Lorg/lombokweb/asm/ByteVector;)V @ 374 c2
Event: 16.044 Thread 0x0000020945385000 DEOPT PACKING pc=0x00000209711ebe38 sp=0x00000049827fa8c0
Event: 16.044 Thread 0x0000020945385000 DEOPT UNPACKING pc=0x0000020970976da2 sp=0x00000049827fa868 mode 2

Classes loaded (20 events):
Event: 13.692 Loading class java/nio/channels/Channels$ReadableByteChannelImpl
Event: 13.692 Loading class java/nio/channels/Channels$ReadableByteChannelImpl done
Event: 13.692 Loading class java/nio/channels/NonWritableChannelException
Event: 13.692 Loading class java/nio/channels/NonWritableChannelException done
Event: 14.626 Loading class java/lang/UnsupportedClassVersionError
Event: 14.627 Loading class java/lang/UnsupportedClassVersionError done
Event: 15.396 Loading class java/util/Vector$1
Event: 15.396 Loading class java/util/Vector$1 done
Event: 15.813 Loading class java/util/regex/Pattern$Caret
Event: 15.813 Loading class java/util/regex/Pattern$Caret done
Event: 15.940 Loading class java/util/stream/ReferencePipeline$4
Event: 15.940 Loading class java/util/stream/ReferencePipeline$4 done
Event: 15.940 Loading class java/util/stream/Nodes$IntFixedNodeBuilder
Event: 15.941 Loading class java/util/stream/Node$Builder$OfInt
Event: 15.941 Loading class java/util/stream/Node$Builder$OfInt done
Event: 15.941 Loading class java/util/stream/Nodes$IntArrayNode
Event: 15.941 Loading class java/util/stream/Nodes$IntArrayNode done
Event: 15.941 Loading class java/util/stream/Nodes$IntFixedNodeBuilder done
Event: 15.941 Loading class java/util/stream/ReferencePipeline$4$1
Event: 15.941 Loading class java/util/stream/ReferencePipeline$4$1 done

Classes unloaded (7 events):
Event: 6.952 Thread 0x00000209662a3b70 Unloading class 0x00000209011aa800 'java/lang/invoke/LambdaForm$MH+0x00000209011aa800'
Event: 6.952 Thread 0x00000209662a3b70 Unloading class 0x00000209011aa400 'java/lang/invoke/LambdaForm$MH+0x00000209011aa400'
Event: 6.952 Thread 0x00000209662a3b70 Unloading class 0x00000209011aa000 'java/lang/invoke/LambdaForm$MH+0x00000209011aa000'
Event: 6.952 Thread 0x00000209662a3b70 Unloading class 0x00000209011a9c00 'java/lang/invoke/LambdaForm$MH+0x00000209011a9c00'
Event: 6.952 Thread 0x00000209662a3b70 Unloading class 0x00000209011a9800 'java/lang/invoke/LambdaForm$BMH+0x00000209011a9800'
Event: 6.952 Thread 0x00000209662a3b70 Unloading class 0x00000209011a9400 'java/lang/invoke/LambdaForm$DMH+0x00000209011a9400'
Event: 6.952 Thread 0x00000209662a3b70 Unloading class 0x00000209011a8400 'java/lang/invoke/LambdaForm$DMH+0x00000209011a8400'

Classes redefined (0 events):
No events

Internal exceptions (20 events):
Event: 13.027 Thread 0x0000020945385000 Exception <a 'sun/nio/fs/WindowsException'{0x00000000d57793e8}> (0x00000000d57793e8) 
thrown [s\src\hotspot\share\prims\jni.cpp, line 520]
Event: 13.027 Thread 0x0000020945385000 Exception <a 'sun/nio/fs/WindowsException'{0x00000000d577c638}> (0x00000000d577c638) 
thrown [s\src\hotspot\share\prims\jni.cpp, line 520]
Event: 13.028 Thread 0x0000020945385000 Exception <a 'sun/nio/fs/WindowsException'{0x00000000d577f888}> (0x00000000d577f888) 
thrown [s\src\hotspot\share\prims\jni.cpp, line 520]
Event: 13.028 Thread 0x0000020945385000 Exception <a 'sun/nio/fs/WindowsException'{0x00000000d5782ad8}> (0x00000000d5782ad8) 
thrown [s\src\hotspot\share\prims\jni.cpp, line 520]
Event: 13.029 Thread 0x0000020945385000 Exception <a 'sun/nio/fs/WindowsException'{0x00000000d5785f70}> (0x00000000d5785f70) 
thrown [s\src\hotspot\share\prims\jni.cpp, line 520]
Event: 13.029 Thread 0x0000020945385000 Exception <a 'sun/nio/fs/WindowsException'{0x00000000d57891e8}> (0x00000000d57891e8) 
thrown [s\src\hotspot\share\prims\jni.cpp, line 520]
Event: 13.030 Thread 0x0000020945385000 Exception <a 'sun/nio/fs/WindowsException'{0x00000000d578c100}> (0x00000000d578c100) 
thrown [s\src\hotspot\share\prims\jni.cpp, line 520]
Event: 13.030 Thread 0x0000020945385000 Exception <a 'sun/nio/fs/WindowsException'{0x00000000d578fd60}> (0x00000000d578fd60) 
thrown [s\src\hotspot\share\prims\jni.cpp, line 520]
Event: 13.031 Thread 0x0000020945385000 Exception <a 'sun/nio/fs/WindowsException'{0x00000000d5792c90}> (0x00000000d5792c90) 
thrown [s\src\hotspot\share\prims\jni.cpp, line 520]
Event: 13.032 Thread 0x0000020945385000 Exception <a 'sun/nio/fs/WindowsException'{0x00000000d5795df8}> (0x00000000d5795df8) 
thrown [s\src\hotspot\share\prims\jni.cpp, line 520]
Event: 13.032 Thread 0x0000020945385000 Exception <a 'sun/nio/fs/WindowsException'{0x00000000d5798f40}> (0x00000000d5798f40) 
thrown [s\src\hotspot\share\prims\jni.cpp, line 520]
Event: 13.033 Thread 0x0000020945385000 Exception <a 'sun/nio/fs/WindowsException'{0x00000000d579c6f8}> (0x00000000d579c6f8) 
thrown [s\src\hotspot\share\prims\jni.cpp, line 520]
Event: 13.033 Thread 0x0000020945385000 Exception <a 'sun/nio/fs/WindowsException'{0x00000000d579f9d8}> (0x00000000d579f9d8) 
thrown [s\src\hotspot\share\prims\jni.cpp, line 520]
Event: 13.033 Thread 0x0000020945385000 Exception <a 'sun/nio/fs/WindowsException'{0x00000000d57a2968}> (0x00000000d57a2968) 
thrown [s\src\hotspot\share\prims\jni.cpp, line 520]
Event: 13.035 Thread 0x0000020945385000 Exception <a 'sun/nio/fs/WindowsException'{0x00000000d57a56b8}> (0x00000000d57a56b8) 
thrown [s\src\hotspot\share\prims\jni.cpp, line 520]
Event: 13.037 Thread 0x0000020945385000 Exception <a 'sun/nio/fs/WindowsException'{0x00000000d57a89a0}> (0x00000000d57a89a0) 
thrown [s\src\hotspot\share\prims\jni.cpp, line 520]
Event: 13.037 Thread 0x0000020945385000 Exception <a 'sun/nio/fs/WindowsException'{0x00000000d57ab990}> (0x00000000d57ab990) 
thrown [s\src\hotspot\share\prims\jni.cpp, line 520]
Event: 13.092 Thread 0x0000020945385000 Exception <a 'java/lang/NoSuchMethodError'{0x00000000d59a1bd8}: 'java.lang.Object java.lang.invoke.DelegatingMethodHandle$Holder.reinvoke_L(java.lang.Object, int, long, java.lang.Object, java.lang.Object, int, java.lang.Object)'> (0x00000000d59a1bd8) 
thrown [s\src\hotspot\share\interpreter\linkResolver.cpp, line 773]
Event: 13.274 Thread 0x0000020945385000 Exception <a 'java/lang/NoSuchMethodError'{0x00000000d5f689f8}: 'java.lang.Object java.lang.invoke.Invokers$Holder.invoke_MT(java.lang.Object, java.lang.Object, java.lang.Object, java.lang.Object, java.lang.Object, java.lang.Object, java.lang.Object, java.lang.Object, java.lang.Object, java.lang.Object)'> (0x00000000d5f689f8) 
thrown [s\src\hotspot\share\interpreter\linkResolver.cpp, line 773]
Event: 14.658 Thread 0x0000020945385000 Exception <a 'java/lang/NoSuchMethodError'{0x00000000d5ad0bb0}: 'int java.lang.invoke.Invokers$Holder.invokeExact_MT(java.lang.Object, java.lang.Object)'> (0x00000000d5ad0bb0) 
thrown [s\src\hotspot\share\interpreter\linkResolver.cpp, line 773]

ZGC Phase Switch (0 events):
No events

VM Operations (20 events):
Event: 13.892 Executing VM operation: ParallelGCFailedAllocation (Allocation Failure)
Event: 13.895 Executing VM operation: ParallelGCFailedAllocation (Allocation Failure) done
Event: 14.042 Executing VM operation: ParallelGCFailedAllocation (Allocation Failure)
Event: 14.046 Executing VM operation: ParallelGCFailedAllocation (Allocation Failure) done
Event: 14.176 Executing VM operation: ParallelGCFailedAllocation (Allocation Failure)
Event: 14.181 Executing VM operation: ParallelGCFailedAllocation (Allocation Failure) done
Event: 14.342 Executing VM operation: ParallelGCFailedAllocation (Allocation Failure)
Event: 14.346 Executing VM operation: ParallelGCFailedAllocation (Allocation Failure) done
Event: 14.533 Executing VM operation: ParallelGCFailedAllocation (Allocation Failure)
Event: 14.539 Executing VM operation: ParallelGCFailedAllocation (Allocation Failure) done
Event: 14.596 Executing VM operation: HandshakeAllThreads (Deoptimize)
Event: 14.596 Executing VM operation: HandshakeAllThreads (Deoptimize) done
Event: 14.633 Executing VM operation: HandshakeAllThreads (Deoptimize)
Event: 14.633 Executing VM operation: HandshakeAllThreads (Deoptimize) done
Event: 15.243 Executing VM operation: ParallelGCFailedAllocation (Allocation Failure)
Event: 15.248 Executing VM operation: ParallelGCFailedAllocation (Allocation Failure) done
Event: 15.749 Executing VM operation: ParallelGCFailedAllocation (Allocation Failure)
Event: 15.751 Executing VM operation: ParallelGCFailedAllocation (Allocation Failure) done
Event: 16.048 Executing VM operation: ParallelGCFailedAllocation (Allocation Failure)
Event: 16.049 Executing VM operation: ParallelGCFailedAllocation (Allocation Failure) done

Memory protections (0 events):
No events

Nmethod flushes (20 events):
Event: 9.272 Thread 0x00000209662a3b70 flushing  nmethod 0x00000209699c6610
Event: 9.272 Thread 0x00000209662a3b70 flushing  nmethod 0x00000209699cbb90
Event: 9.272 Thread 0x00000209662a3b70 flushing  nmethod 0x0000020969a05f90
Event: 9.272 Thread 0x00000209662a3b70 flushing  nmethod 0x0000020969a07410
Event: 9.272 Thread 0x00000209662a3b70 flushing  nmethod 0x0000020969a07d10
Event: 9.272 Thread 0x00000209662a3b70 flushing  nmethod 0x0000020969a08f10
Event: 9.272 Thread 0x00000209662a3b70 flushing  nmethod 0x0000020969a09c90
Event: 9.272 Thread 0x00000209662a3b70 flushing  nmethod 0x0000020969a0b990
Event: 9.272 Thread 0x00000209662a3b70 flushing  nmethod 0x0000020969a0be90
Event: 9.272 Thread 0x00000209662a3b70 flushing  nmethod 0x0000020969a0ce10
Event: 9.272 Thread 0x00000209662a3b70 flushing  nmethod 0x0000020969a0e810
Event: 9.272 Thread 0x00000209662a3b70 flushing  nmethod 0x0000020969a0f210
Event: 9.272 Thread 0x00000209662a3b70 flushing  nmethod 0x0000020969a0fb90
Event: 9.272 Thread 0x00000209662a3b70 flushing  nmethod 0x0000020969a10390
Event: 9.272 Thread 0x00000209662a3b70 flushing  nmethod 0x0000020969a5ec90
Event: 9.272 Thread 0x00000209662a3b70 flushing  nmethod 0x0000020969a5ef90
Event: 9.272 Thread 0x00000209662a3b70 flushing  nmethod 0x0000020969a9f190
Event: 9.272 Thread 0x00000209662a3b70 flushing  nmethod 0x0000020969aa6390
Event: 9.272 Thread 0x00000209662a3b70 flushing  nmethod 0x0000020969ad3990
Event: 9.272 Thread 0x00000209662a3b70 flushing  nmethod 0x0000020969ae4810

Events (20 events):
Event: 8.123 Thread 0x0000020945382f30 Thread added: 0x0000020945385000
Event: 8.272 Thread 0x000002097edcda00 Thread added: 0x0000020945385690
Event: 9.217 Thread 0x0000020945385000 Thread added: 0x0000020945382210
Event: 9.326 Thread 0x0000020945382210 Thread added: 0x0000020946a9a140
Event: 9.386 Thread 0x00000209661e8720 Thread added: 0x0000020946a99ab0
Event: 9.386 Thread 0x00000209661e8720 Thread added: 0x0000020946a9dc50
Event: 9.386 Thread 0x00000209661e8720 Thread added: 0x0000020946a9ae60
Event: 9.387 Thread 0x00000209661e8720 Thread added: 0x0000020946a98700
Event: 9.387 Thread 0x00000209661e8720 Thread added: 0x0000020946a9e2e0
Event: 9.387 Thread 0x00000209661e8720 Thread added: 0x0000020946a9cf30
Event: 9.387 Thread 0x00000209661e8720 Thread added: 0x0000020946a9bb80
Event: 9.421 Thread 0x00000209661e8720 Thread added: 0x0000020946a9d5c0
Event: 9.421 Thread 0x00000209661e8720 Thread added: 0x0000020946a9c8a0
Event: 9.451 Thread 0x00000209661e8720 Thread added: 0x0000020946a9a7d0
Event: 9.705 Thread 0x00000209661e8720 Thread added: 0x0000020946a98d90
Event: 9.706 Thread 0x00000209661e8720 Thread added: 0x0000020946a9b4f0
Event: 10.230 Thread 0x000002097cc80410 Thread added: 0x0000020947b03990
Event: 10.913 Thread 0x0000020947b03990 Thread exited: 0x0000020947b03990
Event: 12.050 Thread 0x0000020945382f30 Thread added: 0x0000020946a9c210
Event: 12.051 Thread 0x0000020946a9c210 Thread added: 0x0000020946a9e970


Dynamic libraries:
0x00007ff753840000 - 0x00007ff75384e000 	c:\Users\admin\.vscode\extensions\redhat.java-1.50.0-win32-x64\jre\21.0.9-win32-x86_64\bin\java.exe
0x00007ffeefed0000 - 0x00007ffef00c8000 	C:\Windows\SYSTEM32\ntdll.dll
0x00007ffeee410000 - 0x00007ffeee4d2000 	C:\Windows\System32\KERNEL32.DLL
0x00007ffeeda00000 - 0x00007ffeedcf6000 	C:\Windows\System32\KERNELBASE.dll
0x00007ffeed6e0000 - 0x00007ffeed7e0000 	C:\Windows\System32\ucrtbase.dll
0x00007ffe85cf0000 - 0x00007ffe85d08000 	c:\Users\admin\.vscode\extensions\redhat.java-1.50.0-win32-x64\jre\21.0.9-win32-x86_64\bin\jli.dll
0x00007ffeee670000 - 0x00007ffeee811000 	C:\Windows\System32\USER32.dll
0x00007ffeed870000 - 0x00007ffeed892000 	C:\Windows\System32\win32u.dll
0x00007ffeefa00000 - 0x00007ffeefa2b000 	C:\Windows\System32\GDI32.dll
0x00007ffe85cd0000 - 0x00007ffe85cee000 	c:\Users\admin\.vscode\extensions\redhat.java-1.50.0-win32-x64\jre\21.0.9-win32-x86_64\bin\VCRUNTIME140.dll
0x00007ffeedd00000 - 0x00007ffeede19000 	C:\Windows\System32\gdi32full.dll
0x00007ffeede50000 - 0x00007ffeedeed000 	C:\Windows\System32\msvcp_win.dll
0x00007ffed6140000 - 0x00007ffed63db000 	C:\Windows\WinSxS\amd64_microsoft.windows.common-controls_6595b64144ccf1df_6.0.19041.6456_none_60b8a6cb71f64256\COMCTL32.dll
0x00007ffeefd70000 - 0x00007ffeefe0e000 	C:\Windows\System32\msvcrt.dll
0x00007ffeedf60000 - 0x00007ffeedf8f000 	C:\Windows\System32\IMM32.DLL
0x00007ffed9340000 - 0x00007ffed934c000 	c:\Users\admin\.vscode\extensions\redhat.java-1.50.0-win32-x64\jre\21.0.9-win32-x86_64\bin\vcruntime140_1.dll
0x00007ffe1b100000 - 0x00007ffe1b18d000 	c:\Users\admin\.vscode\extensions\redhat.java-1.50.0-win32-x64\jre\21.0.9-win32-x86_64\bin\msvcp140.dll
0x00007ffe082f0000 - 0x00007ffe09090000 	c:\Users\admin\.vscode\extensions\redhat.java-1.50.0-win32-x64\jre\21.0.9-win32-x86_64\bin\server\jvm.dll
0x00007ffeeec90000 - 0x00007ffeeed41000 	C:\Windows\System32\ADVAPI32.dll
0x00007ffeef530000 - 0x00007ffeef5cf000 	C:\Windows\System32\sechost.dll
0x00007ffeef5d0000 - 0x00007ffeef6f0000 	C:\Windows\System32\RPCRT4.dll
0x00007ffeede20000 - 0x00007ffeede47000 	C:\Windows\System32\bcrypt.dll
0x00007ffeedef0000 - 0x00007ffeedf5b000 	C:\Windows\System32\WS2_32.dll
0x00007ffeecb00000 - 0x00007ffeecb4b000 	C:\Windows\SYSTEM32\POWRPROF.dll
0x00007ffee3150000 - 0x00007ffee3177000 	C:\Windows\SYSTEM32\WINMM.dll
0x00007ffee87c0000 - 0x00007ffee87ca000 	C:\Windows\SYSTEM32\VERSION.dll
0x00007ffeec960000 - 0x00007ffeec972000 	C:\Windows\SYSTEM32\UMPDC.dll
0x00007ffeebdc0000 - 0x00007ffeebdd2000 	C:\Windows\SYSTEM32\kernel.appcore.dll
0x00007ffeac5a0000 - 0x00007ffeac5aa000 	c:\Users\admin\.vscode\extensions\redhat.java-1.50.0-win32-x64\jre\21.0.9-win32-x86_64\bin\jimage.dll
0x00007ffeeb8b0000 - 0x00007ffeebab1000 	C:\Windows\SYSTEM32\DBGHELP.DLL
0x00007ffedace0000 - 0x00007ffedad14000 	C:\Windows\SYSTEM32\dbgcore.DLL
0x00007ffeed7e0000 - 0x00007ffeed862000 	C:\Windows\System32\bcryptPrimitives.dll
0x00007ffea8260000 - 0x00007ffea826f000 	c:\Users\admin\.vscode\extensions\redhat.java-1.50.0-win32-x64\jre\21.0.9-win32-x86_64\bin\instrument.dll
0x00007ffe7bf10000 - 0x00007ffe7bf30000 	c:\Users\admin\.vscode\extensions\redhat.java-1.50.0-win32-x64\jre\21.0.9-win32-x86_64\bin\java.dll
0x00007ffeeedc0000 - 0x00007ffeef530000 	C:\Windows\System32\SHELL32.dll
0x00007ffeeb030000 - 0x00007ffeeb7d5000 	C:\Windows\SYSTEM32\windows.storage.dll
0x00007ffeee0b0000 - 0x00007ffeee404000 	C:\Windows\System32\combase.dll
0x00007ffeecf90000 - 0x00007ffeecfbb000 	C:\Windows\SYSTEM32\Wldp.dll
0x00007ffeef930000 - 0x00007ffeef9fd000 	C:\Windows\System32\OLEAUT32.dll
0x00007ffeef880000 - 0x00007ffeef92d000 	C:\Windows\System32\SHCORE.dll
0x00007ffeef820000 - 0x00007ffeef87b000 	C:\Windows\System32\shlwapi.dll
0x00007ffeed490000 - 0x00007ffeed4b4000 	C:\Windows\SYSTEM32\profapi.dll
0x00007ffe7be40000 - 0x00007ffe7be58000 	c:\Users\admin\.vscode\extensions\redhat.java-1.50.0-win32-x64\jre\21.0.9-win32-x86_64\bin\zip.dll
0x00007ffea7810000 - 0x00007ffea7820000 	C:\Users\admin\.vscode\extensions\redhat.java-1.50.0-win32-x64\jre\21.0.9-win32-x86_64\bin\net.dll
0x00007ffee97d0000 - 0x00007ffee98da000 	C:\Windows\SYSTEM32\WINHTTP.dll
0x00007ffeeccf0000 - 0x00007ffeecd5a000 	C:\Windows\system32\mswsock.dll
0x00007ffe65930000 - 0x00007ffe65946000 	C:\Users\admin\.vscode\extensions\redhat.java-1.50.0-win32-x64\jre\21.0.9-win32-x86_64\bin\nio.dll
0x00007ffea6cd0000 - 0x00007ffea6ce0000 	c:\Users\admin\.vscode\extensions\redhat.java-1.50.0-win32-x64\jre\21.0.9-win32-x86_64\bin\verify.dll
0x00007ffe5e310000 - 0x00007ffe5e354000 	C:\Users\admin\AppData\Roaming\Code\User\globalStorage\redhat.java\1.50.0\config_win\org.eclipse.equinox.launcher\org.eclipse.equinox.launcher.win32.win32.x86_64_1.2.1400.v20250801-0854\eclipse_11916.dll
0x00007ffeee4e0000 - 0x00007ffeee60b000 	C:\Windows\System32\ole32.dll
0x00007ffeecee0000 - 0x00007ffeecef8000 	C:\Windows\SYSTEM32\CRYPTSP.dll
0x00007ffeec5a0000 - 0x00007ffeec5d8000 	C:\Windows\system32\rsaenh.dll
0x00007ffeed450000 - 0x00007ffeed47e000 	C:\Windows\SYSTEM32\USERENV.dll
0x00007ffeecf00000 - 0x00007ffeecf0c000 	C:\Windows\SYSTEM32\CRYPTBASE.dll
0x00007ffeec980000 - 0x00007ffeec9bb000 	C:\Windows\SYSTEM32\IPHLPAPI.DLL
0x00007ffeef7a0000 - 0x00007ffeef7a8000 	C:\Windows\System32\NSI.dll
0x00007ffe5a070000 - 0x00007ffe5a0b9000 	C:\Users\admin\AppData\Local\Temp\jna-92668751\jna11178224849271676382.dll
0x00007ffeef810000 - 0x00007ffeef818000 	C:\Windows\System32\PSAPI.DLL
0x00007ffee95b0000 - 0x00007ffee95c7000 	C:\Windows\SYSTEM32\dhcpcsvc6.DLL
0x00007ffee9590000 - 0x00007ffee95ad000 	C:\Windows\SYSTEM32\dhcpcsvc.DLL

JVMTI agents:
c:\Users\admin\.vscode\extensions\redhat.java-1.50.0-win32-x64\lombok\lombok-1.18.39-4050.jar path:c:\Users\admin\.vscode\extensions\redhat.java-1.50.0-win32-x64\jre\21.0.9-win32-x86_64\bin\instrument.dll, loaded, initialized, instrumentlib options:none

dbghelp: loaded successfully - version: 4.0.5 - missing functions: none
symbol engine: initialized successfully - sym options: 0x614 - pdb path: .;c:\Users\admin\.vscode\extensions\redhat.java-1.50.0-win32-x64\jre\21.0.9-win32-x86_64\bin;C:\Windows\SYSTEM32;C:\Windows\WinSxS\amd64_microsoft.windows.common-controls_6595b64144ccf1df_6.0.19041.6456_none_60b8a6cb71f64256;c:\Users\admin\.vscode\extensions\redhat.java-1.50.0-win32-x64\jre\21.0.9-win32-x86_64\bin\server;C:\Users\admin\AppData\Roaming\Code\User\globalStorage\redhat.java\1.50.0\config_win\org.eclipse.equinox.launcher\org.eclipse.equinox.launcher.win32.win32.x86_64_1.2.1400.v20250801-0854;C:\Users\admin\AppData\Local\Temp\jna-92668751

VM Arguments:
jvm_args: --add-modules=ALL-SYSTEM --add-opens=java.base/java.util=ALL-UNNAMED --add-opens=java.base/java.lang=ALL-UNNAMED --add-opens=java.base/sun.nio.fs=ALL-UNNAMED -Declipse.application=org.eclipse.jdt.ls.core.id1 -Dosgi.bundles.defaultStartLevel=4 -Declipse.product=org.eclipse.jdt.ls.core.product -Djava.import.generatesMetadataFilesAtProjectRoot=false -DDetectVMInstallationsJob.disabled=true -Dfile.encoding=utf8 -XX:+UseParallelGC -XX:GCTimeRatio=4 -XX:AdaptiveSizePolicyWeight=90 -Dsun.zip.disableMemoryMapping=true -Xmx2G -Xms100m -Xlog:disable -javaagent:c:\Users\admin\.vscode\extensions\redhat.java-1.50.0-win32-x64\lombok\lombok-1.18.39-4050.jar -XX:+HeapDumpOnOutOfMemoryError -XX:HeapDumpPath=c:\Users\admin\AppData\Roaming\Code\User\workspaceStorage\ec551e6c515d961efed2fce6f2b1e16a\redhat.java -Daether.dependencyCollector.impl=bf 
java_command: c:\Users\admin\.vscode\extensions\redhat.java-1.50.0-win32-x64\server\plugins\org.eclipse.equinox.launcher_1.7.100.v20251111-0406.jar -configuration c:\Users\admin\AppData\Roaming\Code\User\globalStorage\redhat.java\1.50.0\config_win -data c:\Users\admin\AppData\Roaming\Code\User\workspaceStorage\ec551e6c515d961efed2fce6f2b1e16a\redhat.java\jdt_ws --pipe=\\.\pipe\lsp-369042286bc25ecca6b278385e5bd4d5-sock
java_class_path (initial): c:\Users\admin\.vscode\extensions\redhat.java-1.50.0-win32-x64\server\plugins\org.eclipse.equinox.launcher_1.7.100.v20251111-0406.jar
Launcher Type: SUN_STANDARD

[Global flags]
    uintx AdaptiveSizePolicyWeight                 = 90                                        {product} {command line}
     intx CICompilerCount                          = 4                                         {product} {ergonomic}
    uintx GCTimeRatio                              = 4                                         {product} {command line}
     bool HeapDumpOnOutOfMemoryError               = true                                   {manageable} {command line}
    ccstr HeapDumpPath                             = c:\Users\admin\AppData\Roaming\Code\User\workspaceStorage\ec551e6c515d961efed2fce6f2b1e16a\redhat.java         {manageable} {command line}
   size_t InitialHeapSize                          = 104857600                                 {product} {command line}
   size_t MaxHeapSize                              = 2147483648                                {product} {command line}
   size_t MaxNewSize                               = 715653120                                 {product} {ergonomic}
   size_t MinHeapDeltaBytes                        = 524288                                    {product} {ergonomic}
   size_t MinHeapSize                              = 104857600                                 {product} {command line}
   size_t NewSize                                  = 34603008                                  {product} {ergonomic}
    uintx NonNMethodCodeHeapSize                   = 5839372                                {pd product} {ergonomic}
    uintx NonProfiledCodeHeapSize                  = 122909434                              {pd product} {ergonomic}
   size_t OldSize                                  = 70254592                                  {product} {ergonomic}
    uintx ProfiledCodeHeapSize                     = 122909434                              {pd product} {ergonomic}
    uintx ReservedCodeCacheSize                    = 251658240                              {pd product} {ergonomic}
     bool SegmentedCodeCache                       = true                                      {product} {ergonomic}
   size_t SoftMaxHeapSize                          = 2147483648                             {manageable} {ergonomic}
     bool UseCompressedOops                        = true                           {product lp64_product} {ergonomic}
     bool UseLargePagesIndividualAllocation        = false                                  {pd product} {ergonomic}
     bool UseParallelGC                            = true                                      {product} {command line}

Logging:
Log output configuration:
 #0: stdout all=off uptime,level,tags foldmultilines=false
 #1: stderr all=off uptime,level,tags foldmultilines=false

Release file:
JAVA_VERSION="21.0.9" 
MODULES="java.base java.compiler java.datatransfer java.xml java.prefs java.desktop java.instrument java.logging java.management java.security.sasl java.naming java.rmi java.management.rmi java.net.http java.scripting java.security.jgss java.transaction.xa java.sql java.sql.rowset java.xml.crypto java.se java.smartcardio jdk.accessibility jdk.internal.jvmstat jdk.attach jdk.charsets jdk.internal.opt jdk.zipfs jdk.compiler jdk.crypto.ec jdk.crypto.cryptoki jdk.crypto.mscapi jdk.dynalink jdk.internal.ed jdk.editpad jdk.hotspot.agent jdk.httpserver jdk.internal.le jdk.internal.vm.ci jdk.internal.vm.compiler jdk.internal.vm.compiler.management jdk.jartool jdk.javadoc jdk.jcmd jdk.management jdk.management.agent jdk.jconsole jdk.jdeps jdk.jdwp.agent jdk.jdi jdk.jfr jdk.jshell jdk.jsobject jdk.jstatd jdk.localedata jdk.management.jfr jdk.naming.dns jdk.naming.rmi jdk.net jdk.nio.mapmode jdk.random jdk.sctp jdk.security.auth jdk.security.jgss jdk.unsupported jdk.unsupported.desktop jdk.xml.dom" 

Environment Variables:
JAVA_HOME=C:\Program Files\Java\jdk-25
PATH=C:\Program Files\Common Files\Oracle\Java\javapath;E:\vmware\bin\;C:\Users\admin\AppData\Local\Programs\Python\Python37\Scripts\;C:\Users\admin\AppData\Local\Programs\Python\Python37\;D:\RoboDK\Python37\Scripts\;D:\RoboDK\Python37\;C:\Windows\system32;C:\Windows;C:\Windows\System32\Wbem;C:\Windows\System32\WindowsPowerShell\v1.0\;C:\Windows\System32\OpenSSH\;C:\Program Files\Bandizip\;C:\Program Files\OpenVPN\bin;D:\Git;C:\Users\admin\AppData\Roaming\Microsoft\Windows\Start Menu\Programs\Python 3.11;C:\Program Files\Git\cmd;C:\Users\admin\AppData\Local\Programs\Python\Python311\Scripts\;C:\Users\admin\AppData\Local\Programs\Python\Python311\;C:\Users\admin\AppData\Local\Microsoft\WindowsApps;D:\Git;D:\Microsoft VS Code\bin;C:\Users\admin\AppData\Roaming\Microsoft\Windows\Start Menu\Programs\Python 3.11;;D:\PyCharm Community Edition\PyCharm Community Edition 2020.2.1\bin;;D:\IDEA\IntelliJ IDEA Community Edition 2024.1.1\bin;
USERNAME=admin
OS=Windows_NT
PROCESSOR_IDENTIFIER=Intel64 Family 6 Model 140 Stepping 1, GenuineIntel
TMP=C:\Users\admin\AppData\Local\Temp
TEMP=C:\Users\admin\AppData\Local\Temp




Periodic native trim disabled

---------------  S Y S T E M  ---------------

OS:
 Windows 10 , 64 bit Build 19041 (10.0.19041.5915)
OS uptime: 0 days 5:25 hours

CPU: total 8 (initial active 8) (4 cores per cpu, 2 threads per core) family 6 model 140 stepping 1 microcode 0xbc, cx8, cmov, fxsr, ht, mmx, 3dnowpref, sse, sse2, sse3, ssse3, sse4.1, sse4.2, popcnt, lzcnt, tsc, tscinvbit, avx, avx2, aes, erms, clmul, bmi1, bmi2, adx, avx512f, avx512dq, avx512cd, avx512bw, avx512vl, sha, fma, vzeroupper, avx512_vpopcntdq, avx512_vpclmulqdq, avx512_vaes, avx512_vnni, clflush, clflushopt, clwb, avx512_vbmi2, avx512_vbmi, rdtscp, rdpid, fsrm, gfni, avx512_bitalg, f16c, pku, cet_ibt, cet_ss, avx512_ifma
Processor Information for the first 8 processors :
  Max Mhz: 2803, Current Mhz: 2803, Mhz Limit: 2803

Memory: 4k page, system-wide physical 16118M (129M free)
TotalPageFile size 29916M (AvailPageFile size 5M)
current process WorkingSet (physical memory assigned to process): 226M, peak: 240M
current process commit charge ("private bytes"): 325M, peak: 340M

vm_info: OpenJDK 64-Bit Server VM (21.0.9+10-LTS) for windows-amd64 JRE (21.0.9+10-LTS), built on 2025-10-21T00:00:00Z by "admin" with unknown MS VC++:1942

END.
